Arguments: 
  C:\Program Files\nodejs\node.exe C:\Users\ферма1\AppData\Roaming\npm\node_modules\yarn\bin\yarn.js install

PATH: 
  C:\WINDOWS\system32;C:\WINDOWS;C:\WINDOWS\System32\Wbem;C:\WINDOWS\System32\WindowsPowerShell\v1.0\;C:\WINDOWS\System32\OpenSSH\;C:\Program Files\Git\cmd;C:\Program Files\nodejs\;C:\Users\ферма1\AppData\Local\Microsoft\WindowsApps;C:\Users\ферма1\AppData\Local\Programs\Microsoft VS Code\bin;C:\Users\ферма1\AppData\Roaming\npm

Yarn version: 
  1.22.17

Node version: 
  16.13.2

Platform: 
  win32 x64

Trace: 
  Error: https://registry.yarnpkg.com/@urql/exchange-retry/-/exchange-retry-0.3.0.tgz: Request failed "500 Internal Server Error"
      at ResponseError.ExtendableBuiltin (C:\Users\ферма1\AppData\Roaming\npm\node_modules\yarn\lib\cli.js:696:66)
      at new ResponseError (C:\Users\ферма1\AppData\Roaming\npm\node_modules\yarn\lib\cli.js:802:124)
      at Request.<anonymous> (C:\Users\ферма1\AppData\Roaming\npm\node_modules\yarn\lib\cli.js:67099:16)
      at Request.emit (node:events:390:28)
      at Request.module.exports.Request.onRequestResponse (C:\Users\ферма1\AppData\Roaming\npm\node_modules\yarn\lib\cli.js:141760:10)
      at ClientRequest.emit (node:events:390:28)
      at HTTPParser.parserOnIncomingClient (node:_http_client:623:27)
      at HTTPParser.parserOnHeadersComplete (node:_http_common:128:17)
      at HTTPParser.execute (<anonymous>)
      at TLSSocket.socketOnData (node:_http_client:487:22)

npm manifest: 
  {
    "name": "my-app",
    "version": "1.0.0",
    "main": "node_modules/expo/AppEntry.js",
    "scripts": {
      "start": "expo start",
      "android": "expo start --android",
      "ios": "expo start --ios",
      "web": "expo start --web"
    },
    "dependencies": {
      "expo": "~46.0.8",
      "expo-status-bar": "~1.4.0",
      "react": "18.0.0",
      "react-dom": "18.0.0",
      "react-native": "0.69.4",
      "react-native-web": "~0.18.7"
    },
    "devDependencies": {
      "@babel/core": "^7.12.9",
      "@types/react": "~18.0.14",
      "@types/react-native": "~0.69.1",
      "typescript": "~4.3.5"
    },
    "private": true
  }

yarn manifest: 
  No manifest

Lockfile: 
  No lockfile
